{"/Users/webmaster/Desktop/projects-react/03-gifs-app/src/components/GifsApp.tsx": {"path":"/Users/webmaster/Desktop/projects-react/03-gifs-app/src/components/GifsApp.tsx","statementMap":{"0":{"start":{"line":14,"column":49},"end":{"line":14,"column":null}},"1":{"start":{"line":16,"column":2},"end":{"line":30,"column":null}}},"fnMap":{"0":{"name":"GifsApp","decl":{"start":{"line":12,"column":24},"end":{"line":12,"column":34}},"loc":{"start":{"line":12,"column":34},"end":{"line":32,"column":null}},"line":12}},"branchMap":{},"s":{"0":1,"1":1},"f":{"0":1},"b":{},"meta":{"lastBranch":0,"lastFunction":1,"lastStatement":2,"seen":{"f:12:24:12:34":0,"s:14:49:14:Infinity":0,"s:16:2:30:Infinity":1},"fnNames":{}}}
,"/Users/webmaster/Desktop/projects-react/03-gifs-app/src/components/CustomHeader/CustomHeader.tsx": {"path":"/Users/webmaster/Desktop/projects-react/03-gifs-app/src/components/CustomHeader/CustomHeader.tsx","statementMap":{"0":{"start":{"line":8,"column":2},"end":{"line":16,"column":null}}},"fnMap":{"0":{"name":"CustomHeader","decl":{"start":{"line":7,"column":24},"end":{"line":7,"column":37}},"loc":{"start":{"line":7,"column":66},"end":{"line":18,"column":null}},"line":7}},"branchMap":{"0":{"loc":{"start":{"line":12,"column":9},"end":{"line":14,"column":null}},"type":"binary-expr","locations":[{"start":{"line":12,"column":9},"end":{"line":12,"column":24}},{"start":{"line":12,"column":24},"end":{"line":14,"column":null}}],"line":12}},"s":{"0":4},"f":{"0":4},"b":{"0":[4,2]},"meta":{"lastBranch":1,"lastFunction":1,"lastStatement":1,"seen":{"f:7:24:7:37":0,"s:8:2:16:Infinity":0,"b:12:9:12:24:12:24:14:Infinity":0},"fnNames":{}}}
,"/Users/webmaster/Desktop/projects-react/03-gifs-app/src/components/SearchBar/SearchBar.tsx": {"path":"/Users/webmaster/Desktop/projects-react/03-gifs-app/src/components/SearchBar/SearchBar.tsx","statementMap":{"0":{"start":{"line":11,"column":17},"end":{"line":11,"column":null}},"1":{"start":{"line":14,"column":3},"end":{"line":24,"column":null}},"2":{"start":{"line":16,"column":22},"end":{"line":18,"column":null}},"3":{"start":{"line":17,"column":8},"end":{"line":17,"column":null}},"4":{"start":{"line":20,"column":4},"end":{"line":23,"column":null}},"5":{"start":{"line":22,"column":8},"end":{"line":22,"column":null}},"6":{"start":{"line":26,"column":9},"end":{"line":28,"column":null}},"7":{"start":{"line":27,"column":4},"end":{"line":27,"column":null}},"8":{"start":{"line":30,"column":9},"end":{"line":33,"column":null}},"9":{"start":{"line":31,"column":4},"end":{"line":31,"column":null}},"10":{"start":{"line":32,"column":4},"end":{"line":32,"column":null}},"11":{"start":{"line":35,"column":9},"end":{"line":39,"column":null}},"12":{"start":{"line":36,"column":8},"end":{"line":38,"column":null}},"13":{"start":{"line":37,"column":12},"end":{"line":37,"column":null}},"14":{"start":{"line":41,"column":2},"end":{"line":55,"column":null}}},"fnMap":{"0":{"name":"SearchBar","decl":{"start":{"line":9,"column":24},"end":{"line":9,"column":34}},"loc":{"start":{"line":9,"column":80},"end":{"line":57,"column":null}},"line":9},"1":{"name":"(anonymous_1)","decl":{"start":{"line":14,"column":3},"end":{"line":14,"column":17}},"loc":{"start":{"line":14,"column":17},"end":{"line":24,"column":5}},"line":14},"2":{"name":"(anonymous_2)","decl":{"start":{"line":16,"column":22},"end":{"line":16,"column":37}},"loc":{"start":{"line":16,"column":37},"end":{"line":18,"column":7}},"line":16},"3":{"name":"(anonymous_3)","decl":{"start":{"line":20,"column":4},"end":{"line":20,"column":15}},"loc":{"start":{"line":20,"column":15},"end":{"line":23,"column":null}},"line":20},"4":{"name":"(anonymous_4)","decl":{"start":{"line":26,"column":9},"end":{"line":26,"column":30}},"loc":{"start":{"line":26,"column":95},"end":{"line":28,"column":null}},"line":26},"5":{"name":"(anonymous_5)","decl":{"start":{"line":30,"column":9},"end":{"line":30,"column":30}},"loc":{"start":{"line":30,"column":30},"end":{"line":33,"column":null}},"line":30},"6":{"name":"(anonymous_6)","decl":{"start":{"line":35,"column":9},"end":{"line":35,"column":26}},"loc":{"start":{"line":35,"column":75},"end":{"line":39,"column":null}},"line":35}},"branchMap":{"0":{"loc":{"start":{"line":9,"column":35},"end":{"line":9,"column":59}},"type":"default-arg","locations":[{"start":{"line":9,"column":49},"end":{"line":9,"column":59}}],"line":9},"1":{"loc":{"start":{"line":36,"column":8},"end":{"line":38,"column":null}},"type":"if","locations":[{"start":{"line":36,"column":8},"end":{"line":38,"column":null}},{"start":{},"end":{}}],"line":36}},"s":{"0":13,"1":13,"2":13,"3":2,"4":13,"5":13,"6":13,"7":6,"8":13,"9":1,"10":1,"11":13,"12":0,"13":0,"14":13},"f":{"0":13,"1":13,"2":2,"3":13,"4":6,"5":1,"6":0},"b":{"0":[13],"1":[0,0]},"meta":{"lastBranch":2,"lastFunction":7,"lastStatement":15,"seen":{"f:9:24:9:34":0,"b:9:49:9:59":0,"s:11:17:11:Infinity":0,"s:14:3:24:Infinity":1,"f:14:3:14:17":1,"s:16:22:18:Infinity":2,"f:16:22:16:37":2,"s:17:8:17:Infinity":3,"s:20:4:23:Infinity":4,"f:20:4:20:15":3,"s:22:8:22:Infinity":5,"s:26:9:28:Infinity":6,"f:26:9:26:30":4,"s:27:4:27:Infinity":7,"s:30:9:33:Infinity":8,"f:30:9:30:30":5,"s:31:4:31:Infinity":9,"s:32:4:32:Infinity":10,"s:35:9:39:Infinity":11,"f:35:9:35:26":6,"b:36:8:38:Infinity:undefined:undefined:undefined:undefined":1,"s:36:8:38:Infinity":12,"s:37:12:37:Infinity":13,"s:41:2:55:Infinity":14},"fnNames":{}}}
,"/Users/webmaster/Desktop/projects-react/03-gifs-app/src/counter/components/MyCounterApp.tsx": {"path":"/Users/webmaster/Desktop/projects-react/03-gifs-app/src/counter/components/MyCounterApp.tsx","statementMap":{"0":{"start":{"line":6,"column":48},"end":{"line":6,"column":null}},"1":{"start":{"line":9,"column":2},"end":{"line":20,"column":null}}},"fnMap":{"0":{"name":"MyCounterApp","decl":{"start":{"line":4,"column":24},"end":{"line":4,"column":39}},"loc":{"start":{"line":4,"column":39},"end":{"line":22,"column":null}},"line":4}},"branchMap":{},"s":{"0":8,"1":8},"f":{"0":8},"b":{},"meta":{"lastBranch":0,"lastFunction":1,"lastStatement":2,"seen":{"f:4:24:4:39":0,"s:6:48:6:Infinity":0,"s:9:2:20:Infinity":1},"fnNames":{}}}
,"/Users/webmaster/Desktop/projects-react/03-gifs-app/src/counter/hooks/useCounter.tsx": {"path":"/Users/webmaster/Desktop/projects-react/03-gifs-app/src/counter/hooks/useCounter.tsx","statementMap":{"0":{"start":{"line":4,"column":13},"end":{"line":32,"column":null}},"1":{"start":{"line":6,"column":20},"end":{"line":6,"column":null}},"2":{"start":{"line":8,"column":10},"end":{"line":10,"column":null}},"3":{"start":{"line":9,"column":8},"end":{"line":9,"column":null}},"4":{"start":{"line":12,"column":10},"end":{"line":15,"column":null}},"5":{"start":{"line":14,"column":8},"end":{"line":14,"column":null}},"6":{"start":{"line":14,"column":33},"end":{"line":14,"column":47}},"7":{"start":{"line":17,"column":10},"end":{"line":19,"column":null}},"8":{"start":{"line":18,"column":8},"end":{"line":18,"column":null}},"9":{"start":{"line":22,"column":2},"end":{"line":31,"column":null}}},"fnMap":{"0":{"name":"(anonymous_0)","decl":{"start":{"line":4,"column":13},"end":{"line":4,"column":27}},"loc":{"start":{"line":4,"column":57},"end":{"line":32,"column":null}},"line":4},"1":{"name":"(anonymous_1)","decl":{"start":{"line":8,"column":10},"end":{"line":8,"column":29}},"loc":{"start":{"line":8,"column":29},"end":{"line":10,"column":null}},"line":8},"2":{"name":"(anonymous_2)","decl":{"start":{"line":12,"column":10},"end":{"line":12,"column":33}},"loc":{"start":{"line":12,"column":33},"end":{"line":15,"column":null}},"line":12},"3":{"name":"(anonymous_3)","decl":{"start":{"line":14,"column":8},"end":{"line":14,"column":20}},"loc":{"start":{"line":14,"column":33},"end":{"line":14,"column":47}},"line":14},"4":{"name":"(anonymous_4)","decl":{"start":{"line":17,"column":10},"end":{"line":17,"column":30}},"loc":{"start":{"line":17,"column":30},"end":{"line":19,"column":null}},"line":17}},"branchMap":{"0":{"loc":{"start":{"line":4,"column":27},"end":{"line":4,"column":57}},"type":"default-arg","locations":[{"start":{"line":4,"column":50},"end":{"line":4,"column":57}}],"line":4}},"s":{"0":2,"1":16,"2":16,"3":2,"4":16,"5":4,"6":4,"7":16,"8":2,"9":16},"f":{"0":16,"1":2,"2":4,"3":4,"4":2},"b":{"0":[16]},"meta":{"lastBranch":1,"lastFunction":5,"lastStatement":10,"seen":{"s:4:13:32:Infinity":0,"f:4:13:4:27":0,"b:4:50:4:57":0,"s:6:20:6:Infinity":1,"s:8:10:10:Infinity":2,"f:8:10:8:29":1,"s:9:8:9:Infinity":3,"s:12:10:15:Infinity":4,"f:12:10:12:33":2,"s:14:8:14:Infinity":5,"f:14:8:14:20":3,"s:14:33:14:47":6,"s:17:10:19:Infinity":7,"f:17:10:17:30":4,"s:18:8:18:Infinity":8,"s:22:2:31:Infinity":9},"fnNames":{}}}
,"/Users/webmaster/Desktop/projects-react/03-gifs-app/src/gifs/actions/get-gifs-by-query.action.ts": {"path":"/Users/webmaster/Desktop/projects-react/03-gifs-app/src/gifs/actions/get-gifs-by-query.action.ts","statementMap":{"0":{"start":{"line":6,"column":30},"end":{"line":36,"column":null}},"1":{"start":{"line":8,"column":2},"end":{"line":10,"column":null}},"2":{"start":{"line":9,"column":4},"end":{"line":9,"column":null}},"3":{"start":{"line":12,"column":2},"end":{"line":32,"column":null}},"4":{"start":{"line":13,"column":21},"end":{"line":18,"column":null}},"5":{"start":{"line":20,"column":2},"end":{"line":26,"column":null}},"6":{"start":{"line":20,"column":42},"end":{"line":26,"column":4}},"7":{"start":{"line":29,"column":4},"end":{"line":29,"column":null}},"8":{"start":{"line":30,"column":4},"end":{"line":30,"column":null}}},"fnMap":{"0":{"name":"(anonymous_0)","decl":{"start":{"line":6,"column":30},"end":{"line":6,"column":37}},"loc":{"start":{"line":6,"column":71},"end":{"line":36,"column":null}},"line":6},"1":{"name":"(anonymous_1)","decl":{"start":{"line":20,"column":28},"end":{"line":20,"column":33}},"loc":{"start":{"line":20,"column":42},"end":{"line":26,"column":4}},"line":20}},"branchMap":{"0":{"loc":{"start":{"line":8,"column":2},"end":{"line":10,"column":null}},"type":"if","locations":[{"start":{"line":8,"column":2},"end":{"line":10,"column":null}},{"start":{},"end":{}}],"line":8}},"s":{"0":3,"1":6,"2":1,"3":5,"4":5,"5":4,"6":40,"7":1,"8":1},"f":{"0":6,"1":40},"b":{"0":[1,5]},"meta":{"lastBranch":1,"lastFunction":2,"lastStatement":9,"seen":{"s:6:30:36:Infinity":0,"f:6:30:6:37":0,"b:8:2:10:Infinity:undefined:undefined:undefined:undefined":0,"s:8:2:10:Infinity":1,"s:9:4:9:Infinity":2,"s:12:2:32:Infinity":3,"s:13:21:18:Infinity":4,"s:20:2:26:Infinity":5,"f:20:28:20:33":1,"s:20:42:26:4":6,"s:29:4:29:Infinity":7,"s:30:4:30:Infinity":8},"fnNames":{}}}
,"/Users/webmaster/Desktop/projects-react/03-gifs-app/src/gifs/api/giphy.api.ts": {"path":"/Users/webmaster/Desktop/projects-react/03-gifs-app/src/gifs/api/giphy.api.ts","statementMap":{"0":{"start":{"line":3,"column":24},"end":{"line":9,"column":null}}},"fnMap":{},"branchMap":{},"s":{"0":4},"f":{},"b":{},"meta":{"lastBranch":0,"lastFunction":0,"lastStatement":1,"seen":{"s:3:24:9:Infinity":0},"fnNames":{}}}
,"/Users/webmaster/Desktop/projects-react/03-gifs-app/src/gifs/components/GifList/GifList.tsx": {"path":"/Users/webmaster/Desktop/projects-react/03-gifs-app/src/gifs/components/GifList/GifList.tsx","statementMap":{"0":{"start":{"line":9,"column":2},"end":{"line":22,"column":null}},"1":{"start":{"line":14,"column":16},"end":{"line":18,"column":null}}},"fnMap":{"0":{"name":"GifList","decl":{"start":{"line":8,"column":16},"end":{"line":8,"column":24}},"loc":{"start":{"line":8,"column":38},"end":{"line":24,"column":null}},"line":8},"1":{"name":"(anonymous_1)","decl":{"start":{"line":13,"column":17},"end":{"line":13,"column":22}},"loc":{"start":{"line":14,"column":16},"end":{"line":18,"column":null}},"line":14}},"branchMap":{},"s":{"0":1,"1":0},"f":{"0":1,"1":0},"b":{},"meta":{"lastBranch":0,"lastFunction":2,"lastStatement":2,"seen":{"f:8:16:8:24":0,"s:9:2:22:Infinity":0,"f:13:17:13:22":1,"s:14:16:18:Infinity":1},"fnNames":{}}}
,"/Users/webmaster/Desktop/projects-react/03-gifs-app/src/gifs/components/PreviousSearches/PreviousSearches.tsx": {"path":"/Users/webmaster/Desktop/projects-react/03-gifs-app/src/gifs/components/PreviousSearches/PreviousSearches.tsx","statementMap":{"0":{"start":{"line":8,"column":2},"end":{"line":26,"column":null}},"1":{"start":{"line":19,"column":24},"end":{"line":20,"column":null}},"2":{"start":{"line":20,"column":38},"end":{"line":20,"column":61}}},"fnMap":{"0":{"name":"PreviousSearches","decl":{"start":{"line":7,"column":24},"end":{"line":7,"column":41}},"loc":{"start":{"line":7,"column":75},"end":{"line":28,"column":null}},"line":7},"1":{"name":"(anonymous_1)","decl":{"start":{"line":18,"column":29},"end":{"line":18,"column":33}},"loc":{"start":{"line":19,"column":24},"end":{"line":20,"column":null}},"line":19},"2":{"name":"(anonymous_2)","decl":{"start":{"line":20,"column":24},"end":{"line":20,"column":38}},"loc":{"start":{"line":20,"column":38},"end":{"line":20,"column":61}},"line":20}},"branchMap":{},"s":{"0":1,"1":0,"2":0},"f":{"0":1,"1":0,"2":0},"b":{},"meta":{"lastBranch":0,"lastFunction":3,"lastStatement":3,"seen":{"f:7:24:7:41":0,"s:8:2:26:Infinity":0,"f:18:29:18:33":1,"s:19:24:20:Infinity":1,"f:20:24:20:38":2,"s:20:38:20:61":2},"fnNames":{}}}
,"/Users/webmaster/Desktop/projects-react/03-gifs-app/src/gifs/hooks/useGifs.tsx": {"path":"/Users/webmaster/Desktop/projects-react/03-gifs-app/src/gifs/hooks/useGifs.tsx","statementMap":{"0":{"start":{"line":10,"column":6},"end":{"line":56,"column":null}},"1":{"start":{"line":11,"column":17},"end":{"line":11,"column":null}},"2":{"start":{"line":12,"column":26},"end":{"line":12,"column":null}},"3":{"start":{"line":15,"column":10},"end":{"line":15,"column":null}},"4":{"start":{"line":18,"column":30},"end":{"line":29,"column":null}},"5":{"start":{"line":21,"column":8},"end":{"line":24,"column":null}},"6":{"start":{"line":22,"column":12},"end":{"line":22,"column":null}},"7":{"start":{"line":23,"column":12},"end":{"line":23,"column":null}},"8":{"start":{"line":26,"column":21},"end":{"line":26,"column":null}},"9":{"start":{"line":27,"column":8},"end":{"line":27,"column":null}},"10":{"start":{"line":28,"column":8},"end":{"line":28,"column":null}},"11":{"start":{"line":31,"column":25},"end":{"line":46,"column":null}},"12":{"start":{"line":34,"column":8},"end":{"line":34,"column":null}},"13":{"start":{"line":36,"column":8},"end":{"line":36,"column":null}},"14":{"start":{"line":36,"column":30},"end":{"line":36,"column":null}},"15":{"start":{"line":38,"column":8},"end":{"line":38,"column":null}},"16":{"start":{"line":38,"column":42},"end":{"line":38,"column":null}},"17":{"start":{"line":40,"column":8},"end":{"line":40,"column":null}},"18":{"start":{"line":42,"column":21},"end":{"line":42,"column":null}},"19":{"start":{"line":43,"column":8},"end":{"line":43,"column":null}},"20":{"start":{"line":45,"column":8},"end":{"line":45,"column":null}},"21":{"start":{"line":48,"column":2},"end":{"line":55,"column":null}}},"fnMap":{"0":{"name":"(anonymous_0)","decl":{"start":{"line":10,"column":6},"end":{"line":10,"column":22}},"loc":{"start":{"line":10,"column":22},"end":{"line":56,"column":null}},"line":10},"1":{"name":"(anonymous_1)","decl":{"start":{"line":18,"column":30},"end":{"line":18,"column":37}},"loc":{"start":{"line":18,"column":53},"end":{"line":29,"column":null}},"line":18},"2":{"name":"(anonymous_2)","decl":{"start":{"line":31,"column":25},"end":{"line":31,"column":32}},"loc":{"start":{"line":31,"column":55},"end":{"line":46,"column":null}},"line":31}},"branchMap":{"0":{"loc":{"start":{"line":21,"column":8},"end":{"line":24,"column":null}},"type":"if","locations":[{"start":{"line":21,"column":8},"end":{"line":24,"column":null}},{"start":{},"end":{}}],"line":21},"1":{"loc":{"start":{"line":31,"column":32},"end":{"line":31,"column":55}},"type":"default-arg","locations":[{"start":{"line":31,"column":48},"end":{"line":31,"column":55}}],"line":31},"2":{"loc":{"start":{"line":36,"column":8},"end":{"line":36,"column":null}},"type":"if","locations":[{"start":{"line":36,"column":8},"end":{"line":36,"column":null}},{"start":{},"end":{}}],"line":36},"3":{"loc":{"start":{"line":38,"column":8},"end":{"line":38,"column":null}},"type":"if","locations":[{"start":{"line":38,"column":8},"end":{"line":38,"column":null}},{"start":{},"end":{}}],"line":38}},"s":{"0":2,"1":19,"2":19,"3":19,"4":19,"5":3,"6":1,"7":1,"8":2,"9":2,"10":2,"11":19,"12":10,"13":10,"14":0,"15":10,"16":0,"17":10,"18":10,"19":10,"20":10,"21":19},"f":{"0":19,"1":3,"2":10},"b":{"0":[1,2],"1":[10],"2":[0,10],"3":[0,10]},"meta":{"lastBranch":4,"lastFunction":3,"lastStatement":22,"seen":{"s:10:6:56:Infinity":0,"f:10:6:10:22":0,"s:11:17:11:Infinity":1,"s:12:26:12:Infinity":2,"s:15:10:15:Infinity":3,"s:18:30:29:Infinity":4,"f:18:30:18:37":1,"b:21:8:24:Infinity:undefined:undefined:undefined:undefined":0,"s:21:8:24:Infinity":5,"s:22:12:22:Infinity":6,"s:23:12:23:Infinity":7,"s:26:21:26:Infinity":8,"s:27:8:27:Infinity":9,"s:28:8:28:Infinity":10,"s:31:25:46:Infinity":11,"f:31:25:31:32":2,"b:31:48:31:55":1,"s:34:8:34:Infinity":12,"b:36:8:36:Infinity:undefined:undefined:undefined:undefined":2,"s:36:8:36:Infinity":13,"s:36:30:36:Infinity":14,"b:38:8:38:Infinity:undefined:undefined:undefined:undefined":3,"s:38:8:38:Infinity":15,"s:38:42:38:Infinity":16,"s:40:8:40:Infinity":17,"s:42:21:42:Infinity":18,"s:43:8:43:Infinity":19,"s:45:8:45:Infinity":20,"s:48:2:55:Infinity":21},"fnNames":{}}}
,"/Users/webmaster/Desktop/projects-react/03-gifs-app/tests/mock/giphy.response.data.ts": {"path":"/Users/webmaster/Desktop/projects-react/03-gifs-app/tests/mock/giphy.response.data.ts","statementMap":{"0":{"start":{"line":1,"column":39},"end":{"line":2156,"column":null}}},"fnMap":{},"branchMap":{},"s":{"0":1},"f":{},"b":{},"meta":{"lastBranch":0,"lastFunction":0,"lastStatement":1,"seen":{"s:1:39:2156:Infinity":0},"fnNames":{}}}
}
